<?xml version="1.0" encoding="UTF-8"?>
<!-- Generated by org.testng.reporters.JUnitReportReporter -->
<testsuite skipped="0" hostname="Asmits-MacBook-Pro.local" name="com.syntax.testcases.AddEmployeePageTest" tests="1" failures="0" timestamp="09 Jun 2019 18:14:10 GMT" time="20.054" errors="0">
  <testcase name="addEmployee" time="20.054" classname="com.syntax.testcases.AddEmployeePageTest"/>
</testsuite> <!-- com.syntax.testcases.AddEmployeePageTest -->
