<?xml version="1.0" encoding="UTF-8"?>
<!-- Generated by org.testng.reporters.JUnitReportReporter -->
<testsuite skipped="0" hostname="Asmits-MacBook-Pro.local" name="com.syntax.testcases.LoginPageTest" tests="1" failures="0" timestamp="16 Jun 2019 18:33:37 GMT" time="6.358" errors="0">
  <testcase name="negativeLogin" time="6.358" classname="com.syntax.testcases.LoginPageTest"/>
</testsuite> <!-- com.syntax.testcases.LoginPageTest -->
